Copyright 1986-2022 Xilinx, Inc. All Rights Reserved. Copyright 2022-2025 Advanced Micro Devices, Inc. All Rights Reserved.
---------------------------------------------------------------------------------------------------------------------------------------------
| Tool Version : Vivado v.2025.2 (lin64) Build 6299465 Fri Nov 14 12:34:56 MST 2025
| Date         : Thu Mar 19 16:53:04 2026
| Host         : bren-ubuntu24-04 running 64-bit Ubuntu 24.04.4 LTS
| Command      : report_timing_summary -file /home/brendan/synthesis_workspace/RISCV_RV32IMC_5stage/synthesis_logs/timing_brv32p_soc.rpt
| Design       : brv32p_soc
| Device       : 7a35t-cpg236
| Speed File   : -1  PRODUCTION 1.23 2018-06-13
| Design State : Synthesized
---------------------------------------------------------------------------------------------------------------------------------------------

Timing Summary Report

------------------------------------------------------------------------------------------------
| Timer Settings
| --------------
------------------------------------------------------------------------------------------------

  Enable Multi Corner Analysis               :  Yes
  Enable Pessimism Removal                   :  Yes
  Pessimism Removal Resolution               :  Nearest Common Node
  Enable Input Delay Default Clock           :  No
  Enable Preset / Clear Arcs                 :  No
  Disable Flight Delays                      :  No
  Ignore I/O Paths                           :  No
  Timing Early Launch at Borrowing Latches   :  No
  Borrow Time for Max Delay Exceptions       :  Yes
  Merge Timing Exceptions                    :  Yes
  Inter-SLR Compensation                     :  Conservative

  Corner  Analyze    Analyze    
  Name    Max Paths  Min Paths  
  ------  ---------  ---------  
  Slow    Yes        Yes        
  Fast    Yes        Yes        


------------------------------------------------------------------------------------------------
| Report Methodology
| ------------------
------------------------------------------------------------------------------------------------

No report available as report_methodology has not been run prior. Run report_methodology on the current design for the summary of methodology violations.



check_timing report

Table of Contents
-----------------
1. checking no_clock (0)
2. checking constant_clock (0)
3. checking pulse_width_clock (0)
4. checking unconstrained_internal_endpoints (0)
5. checking no_input_delay (34)
6. checking no_output_delay (33)
7. checking multiple_clock (0)
8. checking generated_clocks (0)
9. checking loops (0)
10. checking partial_input_delay (0)
11. checking partial_output_delay (0)
12. checking latch_loops (0)

1. checking no_clock (0)
------------------------
 There are 0 register/latch pins with no clock.


2. checking constant_clock (0)
------------------------------
 There are 0 register/latch pins with constant_clock.


3. checking pulse_width_clock (0)
---------------------------------
 There are 0 register/latch pins which need pulse_width check


4. checking unconstrained_internal_endpoints (0)
------------------------------------------------
 There are 0 pins that are not constrained for maximum delay.

 There are 0 pins that are not constrained for maximum delay due to constant clock.


5. checking no_input_delay (34)
-------------------------------
 There are 34 input ports with no input delay specified. (HIGH)

 There are 0 input ports with no input delay but user has a false path constraint.


6. checking no_output_delay (33)
--------------------------------
 There are 33 ports with no output delay specified. (HIGH)

 There are 0 ports with no output delay but user has a false path constraint

 There are 0 ports with no output delay but with a timing clock defined on it or propagating through it


7. checking multiple_clock (0)
------------------------------
 There are 0 register/latch pins with multiple clocks.


8. checking generated_clocks (0)
--------------------------------
 There are 0 generated clocks that are not connected to a clock source.


9. checking loops (0)
---------------------
 There are 0 combinational loops in the design.


10. checking partial_input_delay (0)
------------------------------------
 There are 0 input ports with partial input delay specified.


11. checking partial_output_delay (0)
-------------------------------------
 There are 0 ports with partial output delay specified.


12. checking latch_loops (0)
----------------------------
 There are 0 combinational latch loops in the design through latch input



------------------------------------------------------------------------------------------------
| Design Timing Summary
| ---------------------
------------------------------------------------------------------------------------------------

    WNS(ns)      TNS(ns)  TNS Failing Endpoints  TNS Total Endpoints      WHS(ns)      THS(ns)  THS Failing Endpoints  THS Total Endpoints     WPWS(ns)     TPWS(ns)  TPWS Failing Endpoints  TPWS Total Endpoints  
    -------      -------  ---------------------  -------------------      -------      -------  ---------------------  -------------------     --------     --------  ----------------------  --------------------  
     -5.496    -3059.670                    804               154007        0.134        0.000                      0               154007        4.500        0.000                       0                 78530  


Timing constraints are not met.


------------------------------------------------------------------------------------------------
| Clock Summary
| -------------
------------------------------------------------------------------------------------------------

Clock  Waveform(ns)       Period(ns)      Frequency(MHz)
-----  ------------       ----------      --------------
clk    {0.000 5.000}      10.000          100.000         


------------------------------------------------------------------------------------------------
| Intra Clock Table
| -----------------
------------------------------------------------------------------------------------------------

Clock             WNS(ns)      TNS(ns)  TNS Failing Endpoints  TNS Total Endpoints      WHS(ns)      THS(ns)  THS Failing Endpoints  THS Total Endpoints     WPWS(ns)     TPWS(ns)  TPWS Failing Endpoints  TPWS Total Endpoints  
-----             -------      -------  ---------------------  -------------------      -------      -------  ---------------------  -------------------     --------     --------  ----------------------  --------------------  
clk                -5.496    -3059.670                    804               154007        0.134        0.000                      0               154007        4.500        0.000                       0                 78530  


------------------------------------------------------------------------------------------------
| Inter Clock Table
| -----------------
------------------------------------------------------------------------------------------------

From Clock    To Clock          WNS(ns)      TNS(ns)  TNS Failing Endpoints  TNS Total Endpoints      WHS(ns)      THS(ns)  THS Failing Endpoints  THS Total Endpoints  
----------    --------          -------      -------  ---------------------  -------------------      -------      -------  ---------------------  -------------------  


------------------------------------------------------------------------------------------------
| Other Path Groups Table
| -----------------------
------------------------------------------------------------------------------------------------

Path Group    From Clock    To Clock          WNS(ns)      TNS(ns)  TNS Failing Endpoints  TNS Total Endpoints      WHS(ns)      THS(ns)  THS Failing Endpoints  THS Total Endpoints  
----------    ----------    --------          -------      -------  ---------------------  -------------------      -------      -------  ---------------------  -------------------  


------------------------------------------------------------------------------------------------
| Timing Details
| --------------
------------------------------------------------------------------------------------------------


---------------------------------------------------------------------------------------------------
From Clock:  clk
  To Clock:  clk

Setup :          804  Failing Endpoints,  Worst Slack       -5.496ns,  Total Violation    -3059.670ns
Hold  :            0  Failing Endpoints,  Worst Slack        0.134ns,  Total Violation        0.000ns
PW    :            0  Failing Endpoints,  Worst Slack        4.500ns,  Total Violation        0.000ns
---------------------------------------------------------------------------------------------------


Max Delay Paths
--------------------------------------------------------------------------------------
Slack (VIOLATED) :        -5.496ns  (required time - arrival time)
  Source:                 u_core/ctrl_wb_reg[29]/C
                            (rising edge-triggered cell FDCE clocked by clk  {rise@0.000ns fall@5.000ns period=10.000ns})
  Destination:            u_core/ex_result_mem_reg[30]/D
                            (rising edge-triggered cell FDCE clocked by clk  {rise@0.000ns fall@5.000ns period=10.000ns})
  Path Group:             clk
  Path Type:              Setup (Max at Slow Process Corner)
  Requirement:            10.000ns  (clk rise@10.000ns - clk rise@0.000ns)
  Data Path Delay:        15.344ns  (logic 9.185ns (59.859%)  route 6.159ns (40.141%))
  Logic Levels:           21  (CARRY4=12 DSP48E1=2 LUT2=1 LUT5=1 LUT6=5)
  Clock Path Skew:        -0.145ns (DCD - SCD + CPR)
    Destination Clock Delay (DCD):    2.079ns = ( 12.079 - 10.000 ) 
    Source Clock Delay      (SCD):    2.402ns
    Clock Pessimism Removal (CPR):    0.178ns
  Clock Uncertainty:      0.035ns  ((TSJ^2 + TIJ^2)^1/2 + DJ) / 2 + PE
    Total System Jitter     (TSJ):    0.071ns
    Total Input Jitter      (TIJ):    0.000ns
    Discrete Jitter          (DJ):    0.000ns
    Phase Error              (PE):    0.000ns

    Location             Delay type                Incr(ns)  Path(ns)    Netlist Resource(s)
  -------------------------------------------------------------------    -------------------
                         (clock clk rise edge)        0.000     0.000 r  
                                                      0.000     0.000 r  clk (IN)
                         net (fo=0)                   0.000     0.000    clk
                         IBUF (Prop_ibuf_I_O)         0.923     0.923 r  clk_IBUF_inst/O
                         net (fo=1, unplaced)         0.800     1.722    clk_IBUF
                         BUFG (Prop_bufg_I_O)         0.096     1.818 r  clk_IBUF_BUFG_inst/O
                         net (fo=78529, unplaced)     0.584     2.402    u_core/clk_IBUF_BUFG
                         FDCE                                         r  u_core/ctrl_wb_reg[29]/C
  -------------------------------------------------------------------    -------------------
                         FDCE (Prop_fdce_C_Q)         0.456     2.858 r  u_core/ctrl_wb_reg[29]/Q
                         net (fo=33, unplaced)        1.037     3.895    u_core/u_bp/dividend[31]_i_4_2[0]
                         LUT6 (Prop_lut6_I0_O)        0.295     4.190 r  u_core/u_bp/dividend[31]_i_9/O
                         net (fo=4, unplaced)         1.135     5.325    u_core/u_bp/u_hazard/p_8_in
                         LUT6 (Prop_lut6_I1_O)        0.124     5.449 r  u_core/u_bp/dividend[31]_i_4/O
                         net (fo=33, unplaced)        0.521     5.970    u_core/u_bp/rd_addr_wb_reg[0]
                         LUT6 (Prop_lut6_I5_O)        0.124     6.094 r  u_core/u_bp/dividend[16]_i_1/O
                         net (fo=38, unplaced)        0.800     6.894    u_core/u_muldiv/rs1_fwd[16]
                         DSP48E1 (Prop_dsp48e1_A[16]_PCOUT[47])
                                                      4.036    10.930 r  u_core/u_muldiv/mul_su__1/PCOUT[47]
                         net (fo=1, unplaced)         0.055    10.985    u_core/u_muldiv/mul_su__1_n_106
                         DSP48E1 (Prop_dsp48e1_PCIN[47]_P[0])
                                                      1.518    12.503 r  u_core/u_muldiv/mul_su__2/P[0]
                         net (fo=2, unplaced)         0.800    13.303    u_core/u_muldiv/mul_su__2_n_105
                         LUT2 (Prop_lut2_I0_O)        0.124    13.427 r  u_core/u_muldiv/ex_result_mem[3]_i_57/O
                         net (fo=1, unplaced)         0.000    13.427    u_core/u_muldiv/ex_result_mem[3]_i_57_n_0
                         CARRY4 (Prop_carry4_S[1]_CO[3])
                                                      0.533    13.960 r  u_core/u_muldiv/ex_result_mem_reg[3]_i_45/CO[3]
                         net (fo=1, unplaced)         0.009    13.969    u_core/u_muldiv/ex_result_mem_reg[3]_i_45_n_0
                         CARRY4 (Prop_carry4_CI_CO[3])
                                                      0.117    14.086 r  u_core/u_muldiv/ex_result_mem_reg[3]_i_35/CO[3]
                         net (fo=1, unplaced)         0.000    14.086    u_core/u_muldiv/ex_result_mem_reg[3]_i_35_n_0
                         CARRY4 (Prop_carry4_CI_CO[3])
                                                      0.117    14.203 r  u_core/u_muldiv/ex_result_mem_reg[3]_i_25/CO[3]
                         net (fo=1, unplaced)         0.000    14.203    u_core/u_muldiv/ex_result_mem_reg[3]_i_25_n_0
                         CARRY4 (Prop_carry4_CI_CO[3])
                                                      0.117    14.320 r  u_core/u_muldiv/ex_result_mem_reg[3]_i_11/CO[3]
                         net (fo=1, unplaced)         0.000    14.320    u_core/u_muldiv/ex_result_mem_reg[3]_i_11_n_0
                         CARRY4 (Prop_carry4_CI_CO[3])
                                                      0.117    14.437 r  u_core/u_muldiv/ex_result_mem_reg[3]_i_8/CO[3]
                         net (fo=1, unplaced)         0.000    14.437    u_core/u_muldiv/ex_result_mem_reg[3]_i_8_n_0
                         CARRY4 (Prop_carry4_CI_CO[3])
                                                      0.117    14.554 r  u_core/u_muldiv/ex_result_mem_reg[7]_i_8/CO[3]
                         net (fo=1, unplaced)         0.000    14.554    u_core/u_muldiv/ex_result_mem_reg[7]_i_8_n_0
                         CARRY4 (Prop_carry4_CI_CO[3])
                                                      0.117    14.671 r  u_core/u_muldiv/ex_result_mem_reg[11]_i_8/CO[3]
                         net (fo=1, unplaced)         0.000    14.671    u_core/u_muldiv/ex_result_mem_reg[11]_i_8_n_0
                         CARRY4 (Prop_carry4_CI_CO[3])
                                                      0.117    14.788 r  u_core/u_muldiv/ex_result_mem_reg[15]_i_6/CO[3]
                         net (fo=1, unplaced)         0.000    14.788    u_core/u_muldiv/ex_result_mem_reg[15]_i_6_n_0
                         CARRY4 (Prop_carry4_CI_CO[3])
                                                      0.117    14.905 r  u_core/u_muldiv/ex_result_mem_reg[19]_i_12/CO[3]
                         net (fo=1, unplaced)         0.000    14.905    u_core/u_muldiv/ex_result_mem_reg[19]_i_12_n_0
                         CARRY4 (Prop_carry4_CI_CO[3])
                                                      0.117    15.022 r  u_core/u_muldiv/ex_result_mem_reg[23]_i_12/CO[3]
                         net (fo=1, unplaced)         0.000    15.022    u_core/u_muldiv/ex_result_mem_reg[23]_i_12_n_0
                         CARRY4 (Prop_carry4_CI_CO[3])
                                                      0.117    15.139 r  u_core/u_muldiv/ex_result_mem_reg[27]_i_8/CO[3]
                         net (fo=1, unplaced)         0.000    15.139    u_core/u_muldiv/ex_result_mem_reg[27]_i_8_n_0
                         CARRY4 (Prop_carry4_CI_O[2])
                                                      0.256    15.395 r  u_core/u_muldiv/ex_result_mem_reg[31]_i_10/O[2]
                         net (fo=1, unplaced)         0.905    16.300    u_core/u_muldiv/mul_su__3[62]
                         LUT6 (Prop_lut6_I0_O)        0.301    16.601 f  u_core/u_muldiv/ex_result_mem[30]_i_6/O
                         net (fo=1, unplaced)         0.449    17.050    u_core/u_muldiv/ex_result_mem[30]_i_6_n_0
                         LUT5 (Prop_lut5_I1_O)        0.124    17.174 r  u_core/u_muldiv/ex_result_mem[30]_i_3/O
                         net (fo=1, unplaced)         0.449    17.623    u_core/u_muldiv/muldiv_result[30]
                         LUT6 (Prop_lut6_I5_O)        0.124    17.747 r  u_core/u_muldiv/ex_result_mem[30]_i_1/O
                         net (fo=1, unplaced)         0.000    17.747    u_core/u_muldiv_n_76
                         FDCE                                         r  u_core/ex_result_mem_reg[30]/D
  -------------------------------------------------------------------    -------------------

                         (clock clk rise edge)       10.000    10.000 r  
                                                      0.000    10.000 r  clk (IN)
                         net (fo=0)                   0.000    10.000    clk
                         IBUF (Prop_ibuf_I_O)         0.789    10.789 r  clk_IBUF_inst/O
                         net (fo=1, unplaced)         0.760    11.549    clk_IBUF
                         BUFG (Prop_bufg_I_O)         0.091    11.640 r  clk_IBUF_BUFG_inst/O
                         net (fo=78529, unplaced)     0.439    12.079    u_core/clk_IBUF_BUFG
                         FDCE                                         r  u_core/ex_result_mem_reg[30]/C
                         clock pessimism              0.178    12.257    
                         clock uncertainty           -0.035    12.222    
                         FDCE (Setup_fdce_C_D)        0.029    12.251    u_core/ex_result_mem_reg[30]
  -------------------------------------------------------------------
                         required time                         12.251    
                         arrival time                         -17.747    
  -------------------------------------------------------------------
                         slack                                 -5.496    





Min Delay Paths
--------------------------------------------------------------------------------------
Slack (MET) :             0.134ns  (arrival time - required time)
  Source:                 u_dcache/wbuf_strb_reg[1]/C
                            (rising edge-triggered cell FDCE clocked by clk  {rise@0.000ns fall@5.000ns period=10.000ns})
  Destination:            u_axi/wr_strb_reg_reg[1]/D
                            (rising edge-triggered cell FDCE clocked by clk  {rise@0.000ns fall@5.000ns period=10.000ns})
  Path Group:             clk
  Path Type:              Hold (Min at Fast Process Corner)
  Requirement:            0.000ns  (clk rise@0.000ns - clk rise@0.000ns)
  Data Path Delay:        0.370ns  (logic 0.239ns (64.578%)  route 0.131ns (35.422%))
  Logic Levels:           1  (LUT2=1)
  Clock Path Skew:        0.145ns (DCD - SCD - CPR)
    Destination Clock Delay (DCD):    0.983ns
    Source Clock Delay      (SCD):    0.629ns
    Clock Pessimism Removal (CPR):    0.209ns

    Location             Delay type                Incr(ns)  Path(ns)    Netlist Resource(s)
  -------------------------------------------------------------------    -------------------
                         (clock clk rise edge)        0.000     0.000 r  
                                                      0.000     0.000 r  clk (IN)
                         net (fo=0)                   0.000     0.000    clk
                         IBUF (Prop_ibuf_I_O)         0.152     0.152 r  clk_IBUF_inst/O
                         net (fo=1, unplaced)         0.337     0.489    clk_IBUF
                         BUFG (Prop_bufg_I_O)         0.026     0.515 r  clk_IBUF_BUFG_inst/O
                         net (fo=78529, unplaced)     0.114     0.629    u_dcache/clk_IBUF_BUFG
                         FDCE                                         r  u_dcache/wbuf_strb_reg[1]/C
  -------------------------------------------------------------------    -------------------
                         FDCE (Prop_fdce_C_Q)         0.141     0.770 r  u_dcache/wbuf_strb_reg[1]/Q
                         net (fo=1, unplaced)         0.131     0.901    u_dcache/wbuf_strb_reg_n_0_[1]
                         LUT2 (Prop_lut2_I1_O)        0.098     0.999 r  u_dcache/wr_strb_reg[1]_i_1/O
                         net (fo=1, unplaced)         0.000     0.999    u_axi/wr_strb_reg_reg[3]_129[1]
                         FDCE                                         r  u_axi/wr_strb_reg_reg[1]/D
  -------------------------------------------------------------------    -------------------

                         (clock clk rise edge)        0.000     0.000 r  
                                                      0.000     0.000 r  clk (IN)
                         net (fo=0)                   0.000     0.000    clk
                         IBUF (Prop_ibuf_I_O)         0.340     0.340 r  clk_IBUF_inst/O
                         net (fo=1, unplaced)         0.355     0.695    clk_IBUF
                         BUFG (Prop_bufg_I_O)         0.029     0.724 r  clk_IBUF_BUFG_inst/O
                         net (fo=78529, unplaced)     0.259     0.983    u_axi/clk_IBUF_BUFG
                         FDCE                                         r  u_axi/wr_strb_reg_reg[1]/C
                         clock pessimism             -0.209     0.774    
                         FDCE (Hold_fdce_C_D)         0.091     0.865    u_axi/wr_strb_reg_reg[1]
  -------------------------------------------------------------------
                         required time                         -0.865    
                         arrival time                           0.999    
  -------------------------------------------------------------------
                         slack                                  0.134    





Pulse Width Checks
--------------------------------------------------------------------------------------
Clock Name:         clk
Waveform(ns):       { 0.000 5.000 }
Period(ns):         10.000
Sources:            { clk }

Check Type        Corner  Lib Pin  Reference Pin  Required(ns)  Actual(ns)  Slack(ns)  Location  Pin
Min Period        n/a     BUFG/I   n/a            2.155         10.000      7.845                clk_IBUF_BUFG_inst/I
Low Pulse Width   Slow    FDCE/C   n/a            0.500         5.000       4.500                u_axi/FSM_sequential_arb_state_reg[0]/C
High Pulse Width  Slow    FDCE/C   n/a            0.500         5.000       4.500                u_axi/FSM_sequential_arb_state_reg[0]/C



